Exporter version: 5.6.4, Blender version: 2.79 (sub 0)
========= Conversion from Blender to Babylon.js =========
	Scene settings used :
		export scope        :  ALL
		inline textures     :  false
		Positions Precision :  4
		Normals Precision   :  3
		UVs Precision       :  3
		Vert Color Precision:  3
		Mat Weight Precision:  2
		texture directory   :  C:\Users\Giuseppe\Documents\men_babylon\
	Python World class constructor completed
	processing begun of mesh:  Men:Body
		processing begun of Standard material:  Men:Body:Middleage_cauasian_male
			Diffuse texture found "middleage_lightskinned_male_diffuse"
				Image texture found, type:  diffuseTexture, mapped using: "UVMap"
				WARNING: Opacity non-std way to indicate opacity, use material alpha to also use Opacity texture
		num positions      :  16633
		num normals        :  16633
		num uvs            :  33266
		num uvs2           :  0
		num colors         :  0
		num indices        :  80268
	processing begun of mesh:  Men:High-poly
		processing begun of Standard material:  Men:High-poly:Eye_brown
			Diffuse texture found "brown_eye"
				Image texture found, type:  diffuseTexture, mapped using: "UVMap"
				WARNING: Opacity non-std way to indicate opacity, use material alpha to also use Opacity texture
		num positions      :  1082
		num normals        :  1082
		num uvs            :  2164
		num uvs2           :  0
		num colors         :  0
		num indices        :  6120
	processing begun of camera (UniversalCamera):  Camera
	processing begun of light (POINT):  Lamp
========= Writing of scene file started =========
========= Writing of scene file completed =========
========= end of processing =========
elapsed time:  0 min, 2.4842 secs
